<?xml version="1.0" encoding="UTF-8"?>
<!-- Generated by org.testng.reporters.JUnitReportReporter -->
<testsuite hostname="LAPTOP-RRL8VLE7" failures="0" tests="1" name="com.qa.tutorialsninja.TestCases.LoginTest" time="5.535" errors="0" timestamp="2023-12-12T12:00:47 EST" skipped="0">
  <testcase classname="com.qa.tutorialsninja.TestCases.LoginTest" name="verifyLoginWithValidCredentials" time="5.535"/>
</testsuite> <!-- com.qa.tutorialsninja.TestCases.LoginTest -->
